<?xml version="1.0" encoding="UTF-8"?>
<!-- Generated by org.testng.reporters.JUnitReportReporter -->
<testsuite hostname="Dell-PC" failures="0" tests="4" name="Automation.TestNgJenkinsPipeProject.Test2" time="0.004" errors="0" timestamp="2023-06-09T16:46:50 IST" skipped="0">
  <testcase classname="Automation.TestNgJenkinsPipeProject.Test2" name="performanceTest" time="0.001"/>
  <system-out/>
  <testcase classname="Automation.TestNgJenkinsPipeProject.Test2" name="functionalTest2" time="0.001"/>
  <system-out/>
  <testcase classname="Automation.TestNgJenkinsPipeProject.Test2" name="regressionTest1" time="0.001"/>
  <system-out/>
  <testcase classname="Automation.TestNgJenkinsPipeProject.Test2" name="sanityTest" time="0.001"/>
  <system-out/>
</testsuite> <!-- Automation.TestNgJenkinsPipeProject.Test2 -->
