<?xml version="1.0" encoding="UTF-8"?>
<!-- Generated by org.testng.reporters.JUnitReportReporter -->
<testsuite hostname="Dell-PC" failures="0" tests="2" name="Automation.TestNgJenkinsPipeProject.Test1" time="0.009" errors="0" timestamp="2023-05-12T15:15:26 IST" skipped="0">
  <testcase classname="Automation.TestNgJenkinsPipeProject.Test1" name="smokeTest1" time="0.008"/>
  <system-out/>
  <testcase classname="Automation.TestNgJenkinsPipeProject.Test1" name="smokeTest2" time="0.001"/>
  <system-out/>
</testsuite> <!-- Automation.TestNgJenkinsPipeProject.Test1 -->
