<?xml version="1.0" encoding="UTF-8"?>
<!-- Generated by org.testng.reporters.JUnitReportReporter -->
<testsuite hostname="Dell-PC" failures="0" tests="1" name="Automation.TestNgJenkinsPipeProject.Test2" time="0.007" errors="0" timestamp="2023-05-24T16:20:00 IST" skipped="0">
  <testcase classname="Automation.TestNgJenkinsPipeProject.Test2" name="functionalTest2" time="0.007"/>
  <system-out/>
</testsuite> <!-- Automation.TestNgJenkinsPipeProject.Test2 -->
